<?xml version="1.0" encoding="UTF-8"?>
<testng-results skipped="0" failed="0" ignored="0" total="5" passed="5">
  <reporter-output>
  </reporter-output>
  <suite name="Default suite" duration-ms="35785" started-at="2019-02-05T05:29:16Z" finished-at="2019-02-05T05:29:52Z">
    <groups>
    </groups>
    <test name="Default test" duration-ms="35785" started-at="2019-02-05T05:29:16Z" finished-at="2019-02-05T05:29:52Z">
      <class name="com.training.functional.tests.AdminSubscribeClassToCourse_ELTC035">
        <test-method status="PASS" signature="setUpBeforeClass()[pri:0, instance:com.training.functional.tests.AdminSubscribeClassToCourse_ELTC035@7722c3c3]" name="setUpBeforeClass" is-config="true" duration-ms="18" started-at="2019-02-05T05:29:16Z" finished-at="2019-02-05T05:29:16Z">
          <reporter-output>
          </reporter-output>
        </test-method> <!-- setUpBeforeClass -->
        <test-method status="PASS" signature="setUp()[pri:1, instance:com.training.functional.tests.AdminSubscribeClassToCourse_ELTC035@7722c3c3]" name="setUp" duration-ms="9159" started-at="2019-02-05T05:29:16Z" finished-at="2019-02-05T05:29:25Z">
          <reporter-output>
          </reporter-output>
        </test-method> <!-- setUp -->
        <test-method status="PASS" signature="validLoginTest()[pri:2, instance:com.training.functional.tests.AdminSubscribeClassToCourse_ELTC035@7722c3c3]" name="validLoginTest" duration-ms="4035" started-at="2019-02-05T05:29:25Z" finished-at="2019-02-05T05:29:29Z">
          <reporter-output>
          </reporter-output>
        </test-method> <!-- validLoginTest -->
        <test-method status="PASS" signature="adminSubscribeClassToCourse()[pri:3, instance:com.training.functional.tests.AdminSubscribeClassToCourse_ELTC035@7722c3c3]" name="adminSubscribeClassToCourse" duration-ms="20268" started-at="2019-02-05T05:29:29Z" finished-at="2019-02-05T05:29:50Z">
          <reporter-output>
          </reporter-output>
        </test-method> <!-- adminSubscribeClassToCourse -->
        <test-method status="PASS" signature="verifyCourcesCount()[pri:4, instance:com.training.functional.tests.AdminSubscribeClassToCourse_ELTC035@7722c3c3]" name="verifyCourcesCount" duration-ms="409" started-at="2019-02-05T05:29:50Z" finished-at="2019-02-05T05:29:50Z">
          <reporter-output>
          </reporter-output>
        </test-method> <!-- verifyCourcesCount -->
        <test-method status="PASS" signature="tearDown()[pri:5, instance:com.training.functional.tests.AdminSubscribeClassToCourse_ELTC035@7722c3c3]" name="tearDown" duration-ms="1856" started-at="2019-02-05T05:29:50Z" finished-at="2019-02-05T05:29:52Z">
          <reporter-output>
          </reporter-output>
        </test-method> <!-- tearDown -->
      </class> <!-- com.training.functional.tests.AdminSubscribeClassToCourse_ELTC035 -->
    </test> <!-- Default test -->
  </suite> <!-- Default suite -->
</testng-results>
