<?xml version="1.0" encoding="UTF-8"?>
<!-- Generated by org.testng.reporters.JUnitXMLReporter -->
<testsuite hostname="DESKTOP-MSUD20F" ignored="0" name="Default test" tests="3" failures="0" timestamp="05 Feb 2019 12:36:53 GMT" time="44.79" errors="0">
  <testcase name="setUp" time="10.686" classname="com.training.functional.tests.TeacherGenerateStudentReport_ELTC064"/>
  <testcase name="validLoginTest" time="6.316" classname="com.training.functional.tests.TeacherGenerateStudentReport_ELTC064"/>
  <testcase name="teacherGenerateStudentReport" time="26.016" classname="com.training.functional.tests.TeacherGenerateStudentReport_ELTC064"/>
</testsuite> <!-- Default test -->
